{"meta": {"version": "7.3.2", "timestamp": "2026-04-19T15:29:47.796411", "branch_coverage": false, "show_contexts": false}, "files": {"__init__.py": {"executed_lines": [], "summary": {"covered_lines": 0, "num_statements": 0, "percent_covered": 100.0, "percent_covered_display": "100", "missing_lines": 0, "excluded_lines": 0}, "missing_lines": [], "excluded_lines": []}, "agent_framework/__init__.py": {"executed_lines": [1, 5, 7, 8], "summary": {"covered_lines": 0, "num_statements": 0, "percent_covered": 100.0, "percent_covered_display": "100", "missing_lines": 0, "excluded_lines": 0}, "missing_lines": [], "excluded_lines": []}, "agent_framework/lairm_agent_sdk.py": {"executed_lines": [2, 7, 8, 9, 10, 11, 12, 14, 17, 18, 20, 27, 39, 46, 71, 103, 117, 147, 151, 162, 189, 213, 223, 233, 276], "summary": {"covered_lines": 0, "num_statements": 0, "percent_covered": 100.0, "percent_covered_display": "100", "missing_lines": 0, "excluded_lines": 0}, "missing_lines": [], "excluded_lines": []}, "audit_engine/__init__.py": {"executed_lines": [1, 5, 6, 12, 19], "summary": {"covered_lines": 0, "num_statements": 0, "percent_covered": 100.0, "percent_covered_display": "100", "missing_lines": 0, "excluded_lines": 0}, "missing_lines": [], "excluded_lines": []}, "audit_engine/crypto_security.py": {"executed_lines": [2, 7, 8, 9, 10, 11, 12, 13, 14, 15, 16, 17, 19, 22, 23, 25, 36, 49, 67, 75, 90, 91, 93, 98, 121, 143, 144, 149, 150, 152, 161, 197, 202, 208, 209, 211, 217, 257, 269, 287, 368], "summary": {"covered_lines": 37, "num_statements": 171, "percent_covered": 21.637426900584796, "percent_covered_display": "22", "missing_lines": 134, "excluded_lines": 0}, "missing_lines": [27, 28, 33, 34, 38, 39, 47, 51, 52, 53, 62, 63, 64, 65, 69, 73, 77, 78, 80, 82, 87, 95, 96, 100, 101, 103, 104, 109, 112, 113, 114, 116, 117, 119, 123, 124, 126, 127, 129, 134, 135, 138, 139, 141, 146, 154, 159, 169, 175, 194, 195, 199, 200, 205, 213, 214, 215, 226, 235, 236, 239, 240, 241, 243, 244, 249, 255, 259, 260, 261, 263, 264, 265, 267, 271, 272, 274, 275, 279, 280, 281, 282, 283, 284, 289, 290, 291, 292, 295, 296, 297, 298, 304, 305, 307, 308, 311, 312, 313, 314, 317, 318, 319, 320, 322, 323, 324, 326, 327, 328, 329, 332, 333, 334, 335, 337, 338, 339, 340, 341, 344, 345, 346, 348, 355, 356, 358, 359, 360, 361, 363, 364, 365, 369], "excluded_lines": []}, "audit_engine/distributed_storage.py": {"executed_lines": [2, 7, 8, 9, 10, 11, 13, 16, 17, 19, 25, 40, 46, 51, 55, 62, 63, 65, 71, 100, 112, 116, 128, 129, 131, 138, 169, 175, 192, 198, 202, 211, 212, 214, 221, 257, 286, 299, 377], "summary": {"covered_lines": 35, "num_statements": 185, "percent_covered": 18.91891891891892, "percent_covered_display": "19", "missing_lines": 150, "excluded_lines": 0}, "missing_lines": [21, 22, 23, 27, 30, 33, 34, 35, 37, 38, 43, 44, 48, 49, 53, 57, 58, 59, 67, 68, 69, 78, 79, 81, 89, 93, 94, 95, 97, 98, 102, 103, 105, 106, 107, 108, 110, 114, 118, 119, 121, 122, 123, 125, 133, 134, 135, 136, 140, 144, 151, 152, 154, 155, 159, 160, 161, 166, 167, 172, 173, 177, 178, 180, 183, 184, 185, 186, 187, 189, 190, 195, 196, 200, 204, 216, 217, 218, 219, 227, 234, 235, 241, 242, 248, 249, 254, 255, 263, 270, 271, 274, 275, 278, 279, 281, 283, 284, 288, 301, 302, 303, 304, 307, 308, 309, 310, 316, 317, 319, 320, 322, 323, 324, 327, 328, 329, 331, 332, 334, 335, 337, 338, 339, 342, 343, 344, 345, 347, 348, 350, 351, 352, 355, 356, 357, 359, 360, 361, 362, 363, 365, 366, 368, 369, 370, 372, 373, 374, 378], "excluded_lines": []}, "audit_engine/lairm_audit_engine.py": {"executed_lines": [2, 7, 8, 9, 10, 11, 12, 14, 17, 18, 20, 25, 27, 28, 29, 30, 31, 60, 62, 63, 64, 81, 83, 84, 85, 101, 103, 104, 105, 106, 107, 123, 144, 146, 147, 148, 149, 150, 175, 200, 213, 239, 282], "summary": {"covered_lines": 0, "num_statements": 0, "percent_covered": 100.0, "percent_covered_display": "100", "missing_lines": 0, "excluded_lines": 0}, "missing_lines": [], "excluded_lines": []}, "compliance_checker/__init__.py": {"executed_lines": [0], "summary": {"covered_lines": 0, "num_statements": 0, "percent_covered": 100.0, "percent_covered_display": "100", "missing_lines": 0, "excluded_lines": 0}, "missing_lines": [], "excluded_lines": []}, "compliance_checker/axioms_vi_xix.py": {"executed_lines": [], "summary": {"covered_lines": 0, "num_statements": 86, "percent_covered": 0.0, "percent_covered_display": "0", "missing_lines": 86, "excluded_lines": 0}, "missing_lines": [2, 7, 8, 9, 10, 12, 15, 22, 23, 25, 49, 50, 52, 76, 77, 79, 103, 104, 106, 130, 131, 133, 157, 158, 160, 184, 185, 187, 211, 212, 214, 238, 239, 241, 265, 266, 268, 292, 293, 295, 319, 320, 322, 346, 347, 349, 373, 374, 376, 400, 401, 403, 405, 416, 438, 439, 440, 442, 443, 445, 448, 450, 453, 455, 456, 457, 458, 461, 542, 543, 545, 546, 547, 548, 549, 551, 552, 553, 554, 555, 557, 558, 559, 560, 563, 564], "excluded_lines": []}, "compliance_checker/lairm_compliance_checker.py": {"executed_lines": [0], "summary": {"covered_lines": 0, "num_statements": 0, "percent_covered": 100.0, "percent_covered_display": "100", "missing_lines": 0, "excluded_lines": 0}, "missing_lines": [], "excluded_lines": []}, "config.py": {"executed_lines": [], "summary": {"covered_lines": 0, "num_statements": 0, "percent_covered": 100.0, "percent_covered_display": "100", "missing_lines": 0, "excluded_lines": 0}, "missing_lines": [], "excluded_lines": []}, "developer-tools/__init__.py": {"executed_lines": [], "summary": {"covered_lines": 0, "num_statements": 0, "percent_covered": 100.0, "percent_covered_display": "100", "missing_lines": 0, "excluded_lines": 0}, "missing_lines": [], "excluded_lines": []}, "developer-tools/lairm_cli.py": {"executed_lines": [], "summary": {"covered_lines": 0, "num_statements": 0, "percent_covered": 100.0, "percent_covered_display": "100", "missing_lines": 0, "excluded_lines": 0}, "missing_lines": [], "excluded_lines": []}, "logger.py": {"executed_lines": [], "summary": {"covered_lines": 0, "num_statements": 0, "percent_covered": 100.0, "percent_covered_display": "100", "missing_lines": 0, "excluded_lines": 0}, "missing_lines": [], "excluded_lines": []}, "mcp_server/__init__.py": {"executed_lines": [1, 5], "summary": {"covered_lines": 0, "num_statements": 0, "percent_covered": 100.0, "percent_covered_display": "100", "missing_lines": 0, "excluded_lines": 0}, "missing_lines": [], "excluded_lines": []}, "mcp_server/lairm_mcp_server.py": {"executed_lines": [1, 6, 7, 8, 9, 10, 11, 14, 16], "summary": {"covered_lines": 8, "num_statements": 132, "percent_covered": 6.0606060606060606, "percent_covered_display": "6", "missing_lines": 124, "excluded_lines": 0}, "missing_lines": [17, 18, 21, 27, 35, 36, 37, 38, 39, 40, 43, 44, 46, 48, 55, 56, 57, 59, 60, 61, 63, 70, 71, 72, 74, 75, 76, 78, 89, 90, 95, 96, 98, 100, 107, 117, 118, 123, 125, 127, 133, 144, 145, 150, 151, 153, 163, 168, 170, 182, 183, 188, 189, 191, 197, 207, 208, 213, 214, 216, 223, 233, 234, 239, 240, 242, 247, 254, 256, 257, 263, 269, 281, 282, 288, 291, 292, 298, 306, 318, 319, 325, 332, 333, 335, 341, 348, 357, 367, 368, 370, 371, 376, 377, 379, 380, 385, 386, 392, 393, 395, 396, 398, 399, 401, 402, 408, 409, 415, 416, 419, 425, 427, 428, 430, 431, 433, 434, 435, 436, 437, 438, 441, 442], "excluded_lines": []}, "setup.py": {"executed_lines": [], "summary": {"covered_lines": 0, "num_statements": 0, "percent_covered": 100.0, "percent_covered_display": "100", "missing_lines": 0, "excluded_lines": 0}, "missing_lines": [], "excluded_lines": []}, "tests/__init__.py": {"executed_lines": [0], "summary": {"covered_lines": 0, "num_statements": 0, "percent_covered": 100.0, "percent_covered_display": "100", "missing_lines": 0, "excluded_lines": 0}, "missing_lines": [], "excluded_lines": []}, "tests/conftest.py": {"executed_lines": [1, 6, 7, 10, 11], "summary": {"covered_lines": 4, "num_statements": 4, "percent_covered": 100.0, "percent_covered_display": "100", "missing_lines": 0, "excluded_lines": 0}, "missing_lines": [], "excluded_lines": []}, "tests/test_agent_framework_unit.py": {"executed_lines": [1, 6, 7, 8, 9, 12, 13, 15, 24, 25, 27, 28, 35, 36, 40, 47, 53, 58, 69, 76, 87, 92, 97, 102, 107, 117, 126, 137, 147, 159, 171, 181, 195, 212, 222, 233, 240, 252, 260, 270, 271, 273, 282, 291, 300, 309, 318, 328, 329, 331, 352, 365, 378, 401, 402, 404, 412, 417, 426, 443, 454, 461, 475], "summary": {"covered_lines": 58, "num_statements": 280, "percent_covered": 20.714285714285715, "percent_covered_display": "21", "missing_lines": 222, "excluded_lines": 0}, "missing_lines": [30, 38, 42, 43, 44, 45, 49, 50, 51, 55, 56, 60, 62, 63, 64, 65, 66, 67, 71, 73, 74, 78, 79, 80, 82, 83, 84, 85, 89, 90, 94, 95, 99, 100, 104, 105, 109, 110, 111, 113, 114, 115, 119, 120, 121, 123, 124, 128, 129, 130, 132, 135, 139, 140, 141, 143, 144, 145, 149, 150, 151, 153, 154, 157, 161, 162, 163, 165, 167, 168, 169, 173, 174, 175, 177, 178, 179, 183, 184, 185, 187, 188, 191, 192, 193, 197, 198, 199, 201, 204, 205, 207, 208, 209, 210, 214, 215, 217, 218, 219, 220, 224, 226, 228, 229, 230, 231, 235, 237, 238, 242, 243, 244, 245, 246, 248, 249, 250, 254, 255, 256, 258, 262, 263, 265, 267, 275, 276, 277, 279, 280, 284, 285, 286, 288, 289, 293, 294, 295, 297, 298, 302, 303, 304, 306, 307, 311, 312, 313, 315, 316, 320, 321, 322, 324, 325, 333, 339, 340, 341, 342, 345, 346, 349, 350, 354, 355, 357, 358, 360, 361, 362, 363, 367, 373, 374, 375, 376, 380, 382, 383, 384, 385, 386, 388, 391, 394, 395, 396, 397, 398, 406, 407, 409, 410, 414, 415, 419, 421, 422, 424, 428, 430, 439, 441, 445, 447, 448, 449, 451, 452, 456, 458, 459, 463, 465, 466, 469, 470, 471, 472, 476], "excluded_lines": []}, "tests/test_audit_engine_complete.py": {"executed_lines": [0], "summary": {"covered_lines": 0, "num_statements": 0, "percent_covered": 100.0, "percent_covered_display": "100", "missing_lines": 0, "excluded_lines": 0}, "missing_lines": [], "excluded_lines": []}, "tests/test_basic.py": {"executed_lines": [1, 5, 6, 9, 19, 29, 39], "summary": {"covered_lines": 0, "num_statements": 0, "percent_covered": 100.0, "percent_covered_display": "100", "missing_lines": 0, "excluded_lines": 0}, "missing_lines": [], "excluded_lines": []}, "tests/test_compliance_checker_complete.py": {"executed_lines": [1, 6, 7, 8], "summary": {"covered_lines": 3, "num_statements": 166, "percent_covered": 1.8072289156626506, "percent_covered_display": "2", "missing_lines": 163, "excluded_lines": 0}, "missing_lines": [9, 12, 15, 16, 18, 20, 21, 23, 27, 29, 36, 37, 38, 40, 42, 47, 48, 49, 51, 53, 59, 60, 64, 66, 74, 75, 76, 78, 80, 84, 85, 87, 89, 94, 95, 99, 101, 108, 109, 110, 112, 114, 119, 120, 124, 126, 133, 134, 135, 139, 141, 148, 149, 150, 154, 156, 163, 164, 166, 168, 172, 173, 177, 179, 186, 187, 191, 193, 200, 201, 205, 207, 214, 215, 219, 221, 228, 229, 233, 235, 242, 243, 247, 249, 256, 257, 261, 263, 270, 271, 275, 277, 284, 285, 289, 291, 298, 299, 303, 305, 312, 313, 317, 319, 326, 327, 331, 333, 340, 341, 345, 347, 354, 355, 359, 361, 378, 379, 380, 382, 383, 384, 386, 388, 395, 396, 397, 398, 399, 401, 403, 412, 413, 414, 416, 418, 426, 427, 428, 429, 430, 433, 436, 437, 438, 440, 442, 443, 444, 446, 448, 452, 453, 455, 457, 461, 462, 464, 466, 470, 471, 474, 475], "excluded_lines": []}, "tests/test_crypto_security_complete.py": {"executed_lines": [1, 6, 7, 8, 16, 17, 19, 20, 24, 33, 41, 52, 60, 73, 81, 89, 102, 115, 116, 118, 119, 123, 133, 144, 159, 169, 177, 191, 202, 203, 205, 206, 210, 219, 226, 235, 244, 253, 254, 256, 257, 261, 274, 285, 299, 313, 328, 351, 352, 354, 383, 403, 404, 406, 421, 438], "summary": {"covered_lines": 49, "num_statements": 212, "percent_covered": 23.11320754716981, "percent_covered_display": "23", "missing_lines": 163, "excluded_lines": 0}, "missing_lines": [22, 26, 27, 29, 30, 31, 35, 36, 38, 39, 43, 44, 47, 49, 50, 54, 55, 57, 58, 62, 68, 70, 71, 75, 77, 78, 79, 83, 85, 86, 87, 91, 97, 98, 100, 104, 107, 108, 111, 112, 121, 125, 126, 128, 129, 131, 135, 136, 138, 139, 142, 146, 147, 148, 150, 153, 154, 155, 156, 157, 161, 162, 164, 165, 167, 171, 173, 174, 175, 179, 180, 186, 187, 189, 193, 194, 196, 197, 199, 208, 212, 214, 215, 221, 224, 228, 229, 231, 232, 233, 237, 238, 240, 241, 242, 246, 247, 249, 250, 259, 263, 269, 270, 271, 272, 276, 282, 283, 287, 294, 296, 297, 301, 307, 309, 310, 311, 315, 316, 317, 322, 325, 326, 330, 341, 347, 348, 357, 358, 359, 362, 363, 364, 370, 371, 374, 377, 378, 381, 385, 388, 395, 398, 399, 400, 408, 410, 411, 413, 414, 415, 416, 419, 423, 425, 426, 427, 429, 430, 431, 432, 435, 439], "excluded_lines": []}, "tests/test_distributed_storage_complete.py": {"executed_lines": [1, 6, 7, 8, 9, 10, 18, 19, 21, 22, 26, 32, 38, 52, 63, 75, 84, 103, 109, 118, 130, 139, 148, 157, 171, 172, 174, 175, 179, 185, 190, 200, 212, 224, 233, 243, 251, 265, 271, 285, 294, 305, 306, 308, 309, 314, 320, 325, 336, 346, 354, 365, 371, 377, 389, 395, 405, 417, 418, 420, 421, 426, 433, 440, 452, 462, 471, 480, 488, 500, 513, 525, 534, 540, 547, 555, 565, 578, 586, 596, 597, 599, 613, 627, 638, 648, 663, 664, 666, 684, 700], "summary": {"covered_lines": 84, "num_statements": 399, "percent_covered": 21.05263157894737, "percent_covered_display": "21", "missing_lines": 315, "excluded_lines": 0}, "missing_lines": [24, 28, 29, 30, 34, 35, 36, 40, 46, 48, 49, 50, 54, 55, 57, 58, 60, 61, 65, 66, 68, 70, 71, 72, 73, 77, 78, 80, 82, 86, 87, 88, 90, 91, 92, 94, 95, 97, 98, 99, 100, 101, 105, 107, 111, 112, 114, 116, 120, 121, 124, 126, 128, 132, 133, 135, 137, 141, 143, 144, 146, 150, 152, 154, 155, 159, 165, 167, 168, 177, 181, 182, 183, 187, 188, 192, 194, 196, 197, 198, 202, 203, 205, 207, 208, 209, 210, 214, 215, 217, 218, 220, 221, 222, 226, 228, 229, 231, 235, 236, 238, 239, 241, 245, 247, 249, 253, 254, 256, 257, 259, 261, 262, 263, 267, 269, 273, 274, 276, 277, 279, 280, 282, 283, 287, 288, 290, 292, 296, 297, 299, 301, 302, 311, 312, 316, 317, 318, 322, 323, 327, 329, 331, 332, 333, 334, 338, 340, 342, 343, 344, 348, 350, 352, 356, 358, 359, 361, 363, 367, 369, 373, 375, 379, 381, 382, 384, 386, 387, 391, 393, 397, 399, 400, 401, 402, 403, 407, 408, 410, 411, 413, 414, 423, 424, 428, 429, 430, 431, 435, 436, 438, 442, 444, 446, 447, 448, 449, 450, 454, 456, 458, 459, 460, 464, 466, 468, 469, 473, 475, 477, 478, 482, 484, 486, 490, 492, 493, 495, 497, 498, 502, 504, 505, 507, 509, 510, 511, 515, 517, 518, 520, 522, 523, 527, 529, 530, 531, 532, 536, 538, 542, 544, 545, 549, 551, 552, 553, 557, 558, 560, 561, 563, 567, 573, 575, 576, 580, 582, 584, 588, 590, 592, 593, 601, 602, 608, 610, 611, 615, 616, 622, 624, 625, 629, 631, 632, 634, 636, 640, 641, 643, 644, 646, 650, 652, 653, 654, 655, 656, 658, 659, 660, 668, 669, 671, 674, 677, 680, 682, 686, 687, 689, 692, 693, 696, 698, 702, 704, 706, 707, 708, 709, 711, 712], "excluded_lines": []}, "tests/test_distributed_storage_unit.py": {"executed_lines": [0], "summary": {"covered_lines": 0, "num_statements": 0, "percent_covered": 100.0, "percent_covered_display": "100", "missing_lines": 0, "excluded_lines": 0}, "missing_lines": [], "excluded_lines": []}, "tests/test_integration_complete.py": {"executed_lines": [1, 6, 7, 8, 9, 11, 12, 14, 15, 16], "summary": {"covered_lines": 9, "num_statements": 358, "percent_covered": 2.5139664804469275, "percent_covered_display": "3", "missing_lines": 349, "excluded_lines": 0}, "missing_lines": [19, 22, 25, 31, 32, 33, 34, 35, 38, 39, 42, 43, 46, 47, 48, 50, 52, 59, 60, 61, 62, 64, 67, 68, 71, 79, 82, 83, 84, 86, 88, 90, 96, 97, 104, 109, 110, 113, 116, 119, 122, 123, 124, 125, 127, 128, 129, 130, 132, 133, 134, 135, 138, 139, 140, 143, 144, 147, 148, 149, 150, 152, 154, 156, 157, 158, 161, 162, 165, 166, 169, 172, 174, 176, 177, 178, 180, 181, 184, 185, 186, 188, 190, 192, 193, 194, 196, 197, 200, 201, 204, 207, 209, 212, 213, 216, 217, 219, 221, 222, 225, 226, 231, 232, 235, 238, 241, 247, 248, 249, 250, 251, 253, 254, 257, 258, 259, 261, 263, 265, 271, 272, 280, 281, 282, 283, 285, 286, 289, 294, 295, 298, 304, 305, 308, 311, 313, 315, 316, 317, 318, 319, 320, 321, 323, 324, 327, 328, 330, 332, 334, 335, 336, 339, 340, 343, 344, 348, 351, 354, 355, 358, 359, 362, 363, 366, 371, 374, 379, 382, 383, 386, 387, 390, 391, 393, 396, 397, 400, 401, 402, 406, 409, 411, 412, 413, 414, 416, 417, 420, 426, 427, 428, 429, 432, 433, 434, 435, 437, 440, 446, 449, 450, 451, 452, 453, 454, 459, 462, 463, 466, 469, 470, 473, 474, 475, 476, 477, 478, 481, 489, 490, 493, 494, 495, 498, 501, 504, 505, 506, 509, 512, 513, 516, 517, 518, 519, 521, 522, 525, 530, 533, 536, 543, 544, 547, 548, 549, 552, 554, 557, 558, 561, 562, 563, 564, 567, 568, 569, 574, 577, 578, 579, 582, 583, 585, 588, 591, 594, 600, 601, 602, 603, 604, 609, 611, 612, 613, 614, 618, 621, 622, 624, 625, 628, 631, 632, 633, 634, 636, 639, 645, 646, 647, 648, 649, 650, 656, 659, 660, 663, 666, 667, 668, 669, 670, 672, 675, 681, 684, 685, 686, 687, 688, 695, 698, 699, 702, 709, 710, 713, 714, 715, 718, 721, 723, 724, 727, 728, 729, 732, 733, 734, 741, 742, 745, 746, 748, 750, 752, 755, 756, 763, 764, 767, 768, 769, 772, 773], "excluded_lines": []}, "tests/test_mcp_server_unit.py": {"executed_lines": [1, 6, 7, 8, 9, 10, 13, 14, 16], "summary": {"covered_lines": 8, "num_statements": 234, "percent_covered": 3.4188034188034186, "percent_covered_display": "3", "missing_lines": 226, "excluded_lines": 0}, "missing_lines": [19, 22, 23, 25, 26, 28, 54, 66, 68, 69, 71, 79, 81, 82, 83, 84, 85, 87, 89, 90, 91, 93, 96, 97, 99, 101, 102, 104, 106, 107, 110, 111, 113, 115, 116, 119, 120, 122, 124, 125, 128, 129, 131, 133, 138, 140, 143, 144, 146, 147, 148, 150, 152, 153, 155, 157, 159, 160, 161, 162, 164, 166, 167, 169, 171, 176, 178, 179, 180, 181, 183, 185, 190, 192, 193, 195, 197, 202, 204, 205, 207, 209, 215, 217, 218, 219, 220, 222, 224, 230, 232, 233, 235, 237, 239, 240, 241, 242, 243, 245, 247, 250, 253, 256, 259, 262, 274, 275, 277, 278, 279, 281, 282, 283, 284, 285, 287, 289, 291, 292, 294, 295, 296, 298, 301, 304, 306, 307, 308, 315, 321, 322, 325, 331, 332, 334, 336, 337, 338, 350, 352, 355, 358, 359, 361, 363, 365, 366, 367, 373, 379, 380, 381, 384, 387, 389, 390, 391, 393, 394, 396, 398, 399, 400, 402, 403, 405, 407, 408, 409, 411, 416, 417, 419, 421, 422, 423, 425, 426, 428, 429, 431, 433, 434, 435, 440, 441, 444, 445, 447, 449, 450, 451, 452, 454, 457, 458, 460, 463, 464, 467, 470, 472, 473, 474, 477, 478, 479, 481, 483, 484, 485, 492, 493, 497, 498, 500, 502, 503, 504, 509, 510, 515, 516, 519, 520], "excluded_lines": []}, "tests/test_performance_security.py": {"executed_lines": [1, 6, 7, 8, 9, 10, 11, 12, 14, 15, 17, 23, 26, 27, 29, 45, 60, 78, 99, 115, 132, 154, 155, 157, 166, 178, 192, 207, 227, 248, 249, 251, 268, 287, 303, 321, 322, 324, 344, 359, 375, 376, 378, 397, 414, 419, 420, 422, 448, 468, 480, 504, 528, 529, 531, 551, 568, 582, 595, 596, 598, 614, 630, 644, 659, 677, 678, 680, 694, 708, 728, 745, 746, 748, 766, 779, 800], "summary": {"covered_lines": 66, "num_statements": 380, "percent_covered": 17.36842105263158, "percent_covered_display": "17", "missing_lines": 314, "excluded_lines": 0}, "missing_lines": [31, 33, 34, 39, 42, 43, 47, 49, 51, 52, 54, 57, 58, 62, 67, 69, 70, 72, 75, 76, 80, 82, 84, 85, 91, 93, 96, 97, 101, 103, 105, 106, 107, 109, 112, 113, 117, 118, 120, 122, 123, 124, 126, 129, 130, 134, 135, 137, 139, 140, 145, 147, 150, 151, 159, 160, 163, 164, 168, 169, 175, 176, 180, 182, 183, 189, 190, 194, 197, 198, 204, 205, 209, 211, 220, 221, 225, 229, 231, 240, 241, 245, 253, 255, 262, 263, 264, 266, 270, 272, 281, 282, 283, 285, 289, 291, 298, 299, 300, 301, 305, 307, 315, 316, 317, 318, 326, 329, 330, 331, 334, 335, 338, 339, 340, 341, 342, 346, 352, 353, 354, 357, 361, 362, 364, 367, 368, 371, 372, 380, 382, 383, 386, 387, 390, 391, 394, 395, 399, 401, 402, 405, 406, 409, 410, 411, 415, 424, 427, 428, 429, 430, 433, 434, 435, 436, 438, 439, 440, 441, 444, 445, 446, 450, 455, 458, 459, 460, 462, 465, 466, 470, 473, 474, 477, 478, 482, 483, 485, 488, 489, 495, 497, 498, 501, 502, 506, 509, 510, 511, 512, 513, 516, 518, 519, 521, 524, 525, 533, 536, 537, 541, 544, 545, 548, 549, 553, 556, 557, 560, 561, 562, 565, 566, 571, 572, 575, 576, 577, 580, 584, 590, 591, 592, 600, 603, 604, 607, 608, 611, 612, 616, 619, 620, 623, 624, 626, 628, 632, 635, 636, 637, 640, 641, 642, 646, 649, 650, 651, 652, 653, 656, 657, 661, 664, 665, 668, 669, 671, 672, 674, 682, 685, 686, 688, 689, 692, 696, 698, 701, 702, 703, 706, 710, 713, 714, 717, 718, 721, 724, 725, 726, 730, 731, 733, 736, 737, 740, 741, 742, 750, 751, 754, 755, 758, 759, 761, 762, 763, 764, 768, 771, 772, 773, 776, 777, 781, 784, 787, 788, 791, 794, 797, 801], "excluded_lines": []}, "workflow-engine/__init__.py": {"executed_lines": [], "summary": {"covered_lines": 0, "num_statements": 0, "percent_covered": 100.0, "percent_covered_display": "100", "missing_lines": 0, "excluded_lines": 0}, "missing_lines": [], "excluded_lines": []}, "workflow-engine/lairm_workflow_engine.py": {"executed_lines": [], "summary": {"covered_lines": 0, "num_statements": 0, "percent_covered": 100.0, "percent_covered_display": "100", "missing_lines": 0, "excluded_lines": 0}, "missing_lines": [], "excluded_lines": []}}, "totals": {"covered_lines": 361, "num_statements": 2607, "percent_covered": 13.847334100498658, "percent_covered_display": "14", "missing_lines": 2246, "excluded_lines": 0}}